2020-06-24 10:02:58.800  INFO 2228 --- [main] c.B.BookManagementSystemApplication      : Starting BookManagementSystemApplication on Admin with PID 2228 (C:\Users\Jhon\Documents\workspace-spring-tool-suite-4-4.4.1.RELEASE\BookManagementSystem\target\classes started by Jhon in C:\Users\Jhon\Documents\workspace-spring-tool-suite-4-4.4.1.RELEASE\BookManagementSystem)
2020-06-24 10:02:58.909  INFO 2228 --- [main] c.B.BookManagementSystemApplication      : No active profile set, falling back to default profiles: default
2020-06-24 10:02:59.925  INFO 2228 --- [main] .s.d.r.c.RepositoryConfigurationDelegate : Bootstrapping Spring Data JPA repositories in DEFERRED mode.
2020-06-24 10:03:00.120  INFO 2228 --- [main] .s.d.r.c.RepositoryConfigurationDelegate : Finished Spring Data repository scanning in 193ms. Found 3 JPA repository interfaces.
2020-06-24 10:03:00.932  INFO 2228 --- [main] o.s.b.w.embedded.tomcat.TomcatWebServer  : Tomcat initialized with port(s): 8080 (http)
2020-06-24 10:03:00.949  INFO 2228 --- [main] o.apache.catalina.core.StandardService   : Starting service [Tomcat]
2020-06-24 10:03:00.949  INFO 2228 --- [main] org.apache.catalina.core.StandardEngine  : Starting Servlet engine: [Apache Tomcat/9.0.36]
2020-06-24 10:03:01.074  INFO 2228 --- [main] o.a.c.c.C.[Tomcat].[localhost].[/]       : Initializing Spring embedded WebApplicationContext
2020-06-24 10:03:01.074  INFO 2228 --- [main] w.s.c.ServletWebServerApplicationContext : Root WebApplicationContext: initialization completed in 2040 ms
2020-06-24 10:03:01.168  INFO 2228 --- [main] com.zaxxer.hikari.HikariDataSource       : HikariPool-1 - Starting...
2020-06-24 10:03:01.309  INFO 2228 --- [main] com.zaxxer.hikari.HikariDataSource       : HikariPool-1 - Start completed.
2020-06-24 10:03:01.309  INFO 2228 --- [main] o.s.b.a.h2.H2ConsoleAutoConfiguration    : H2 console available at '/h2-console'. Database available at 'jdbc:h2:mem:testdb'
2020-06-24 10:03:01.480  INFO 2228 --- [main] o.s.s.concurrent.ThreadPoolTaskExecutor  : Initializing ExecutorService 'applicationTaskExecutor'
2020-06-24 10:03:01.574  INFO 2228 --- [task-1] o.hibernate.jpa.internal.util.LogHelper  : HHH000204: Processing PersistenceUnitInfo [name: default]
2020-06-24 10:03:01.590  WARN 2228 --- [main] ConfigServletWebServerApplicationContext : Exception encountered during context initialization - cancelling refresh attempt: org.springframework.beans.factory.UnsatisfiedDependencyException: Error creating bean with name 'bookControler': Unsatisfied dependency expressed through field 'bookservice'; nested exception is org.springframework.beans.factory.NoSuchBeanDefinitionException: No qualifying bean of type 'com.BookManagement.service.Bookservice' available: expected at least 1 bean which qualifies as autowire candidate. Dependency annotations: {@org.springframework.beans.factory.annotation.Autowired(required=true)}
2020-06-24 10:03:01.590  INFO 2228 --- [main] j.LocalContainerEntityManagerFactoryBean : Closing JPA EntityManagerFactory for persistence unit 'default'
2020-06-24 10:03:01.621  INFO 2228 --- [task-1] org.hibernate.Version                    : HHH000412: Hibernate ORM core version 5.4.17.Final
2020-06-24 10:03:02.058  INFO 2228 --- [task-1] o.hibernate.annotations.common.Version   : HCANN000001: Hibernate Commons Annotations {5.1.0.Final}
2020-06-24 10:03:02.421  INFO 2228 --- [task-1] org.hibernate.dialect.Dialect            : HHH000400: Using dialect: org.hibernate.dialect.H2Dialect
2020-06-24 10:03:03.139  INFO 2228 --- [task-1] o.h.e.t.j.p.i.JtaPlatformInitiator       : HHH000490: Using JtaPlatform implementation: [org.hibernate.engine.transaction.jta.platform.internal.NoJtaPlatform]
2020-06-24 10:03:03.155  INFO 2228 --- [task-1] j.LocalContainerEntityManagerFactoryBean : Initialized JPA EntityManagerFactory for persistence unit 'default'
2020-06-24 10:03:03.163  INFO 2228 --- [main] .SchemaDropperImpl$DelayedDropActionImpl : HHH000477: Starting delayed evictData of schema as part of SessionFactory shut-down'
2020-06-24 10:03:03.179  INFO 2228 --- [main] o.s.s.concurrent.ThreadPoolTaskExecutor  : Shutting down ExecutorService 'applicationTaskExecutor'
2020-06-24 10:03:03.179  INFO 2228 --- [main] com.zaxxer.hikari.HikariDataSource       : HikariPool-1 - Shutdown initiated...
2020-06-24 10:03:03.179  INFO 2228 --- [main] com.zaxxer.hikari.HikariDataSource       : HikariPool-1 - Shutdown completed.
2020-06-24 10:03:03.179  INFO 2228 --- [main] o.apache.catalina.core.StandardService   : Stopping service [Tomcat]
2020-06-24 10:03:03.195  INFO 2228 --- [main] ConditionEvaluationReportLoggingListener : 

Error starting ApplicationContext. To display the conditions report re-run your application with 'debug' enabled.
2020-06-24 10:03:03.461 ERROR 2228 --- [main] o.s.b.d.LoggingFailureAnalysisReporter   : 

***************************
APPLICATION FAILED TO START
***************************

Description:

Field bookservice in com.BookManagement.controler.BookControler required a bean of type 'com.BookManagement.service.Bookservice' that could not be found.

The injection point has the following annotations:
	- @org.springframework.beans.factory.annotation.Autowired(required=true)


Action:

Consider defining a bean of type 'com.BookManagement.service.Bookservice' in your configuration.

2020-06-24 10:05:14.685  INFO 3572 --- [main] c.B.BookManagementSystemApplication      : Starting BookManagementSystemApplication on Admin with PID 3572 (C:\Users\Jhon\Documents\workspace-spring-tool-suite-4-4.4.1.RELEASE\BookManagementSystem\target\classes started by Jhon in C:\Users\Jhon\Documents\workspace-spring-tool-suite-4-4.4.1.RELEASE\BookManagementSystem)
2020-06-24 10:05:14.685  INFO 3572 --- [main] c.B.BookManagementSystemApplication      : No active profile set, falling back to default profiles: default
2020-06-24 10:05:15.513  INFO 3572 --- [main] .s.d.r.c.RepositoryConfigurationDelegate : Bootstrapping Spring Data JPA repositories in DEFERRED mode.
2020-06-24 10:05:15.701  INFO 3572 --- [main] .s.d.r.c.RepositoryConfigurationDelegate : Finished Spring Data repository scanning in 163ms. Found 3 JPA repository interfaces.
2020-06-24 10:05:16.298  INFO 3572 --- [main] o.s.b.w.embedded.tomcat.TomcatWebServer  : Tomcat initialized with port(s): 8080 (http)
2020-06-24 10:05:16.298  INFO 3572 --- [main] o.apache.catalina.core.StandardService   : Starting service [Tomcat]
2020-06-24 10:05:16.314  INFO 3572 --- [main] org.apache.catalina.core.StandardEngine  : Starting Servlet engine: [Apache Tomcat/9.0.36]
2020-06-24 10:05:16.438  INFO 3572 --- [main] o.a.c.c.C.[Tomcat].[localhost].[/]       : Initializing Spring embedded WebApplicationContext
2020-06-24 10:05:16.438  INFO 3572 --- [main] w.s.c.ServletWebServerApplicationContext : Root WebApplicationContext: initialization completed in 1706 ms
2020-06-24 10:05:16.501  INFO 3572 --- [main] com.zaxxer.hikari.HikariDataSource       : HikariPool-1 - Starting...
2020-06-24 10:05:16.642  INFO 3572 --- [main] com.zaxxer.hikari.HikariDataSource       : HikariPool-1 - Start completed.
2020-06-24 10:05:16.642  INFO 3572 --- [main] o.s.b.a.h2.H2ConsoleAutoConfiguration    : H2 console available at '/h2-console'. Database available at 'jdbc:h2:mem:testdb'
2020-06-24 10:05:16.829  INFO 3572 --- [main] o.s.s.concurrent.ThreadPoolTaskExecutor  : Initializing ExecutorService 'applicationTaskExecutor'
2020-06-24 10:05:16.879  WARN 3572 --- [main] ConfigServletWebServerApplicationContext : Exception encountered during context initialization - cancelling refresh attempt: org.springframework.beans.factory.UnsatisfiedDependencyException: Error creating bean with name 'bookControler': Unsatisfied dependency expressed through field 'bookservice'; nested exception is org.springframework.beans.factory.NoSuchBeanDefinitionException: No qualifying bean of type 'com.BookManagement.service.Bookservice' available: expected at least 1 bean which qualifies as autowire candidate. Dependency annotations: {@org.springframework.beans.factory.annotation.Autowired(required=true)}
2020-06-24 10:05:16.879  INFO 3572 --- [task-1] o.hibernate.jpa.internal.util.LogHelper  : HHH000204: Processing PersistenceUnitInfo [name: default]
2020-06-24 10:05:16.879  INFO 3572 --- [main] j.LocalContainerEntityManagerFactoryBean : Closing JPA EntityManagerFactory for persistence unit 'default'
2020-06-24 10:05:16.942  INFO 3572 --- [task-1] org.hibernate.Version                    : HHH000412: Hibernate ORM core version 5.4.17.Final
2020-06-24 10:05:17.098  INFO 3572 --- [task-1] o.hibernate.annotations.common.Version   : HCANN000001: Hibernate Commons Annotations {5.1.0.Final}
2020-06-24 10:05:17.332  INFO 3572 --- [task-1] org.hibernate.dialect.Dialect            : HHH000400: Using dialect: org.hibernate.dialect.H2Dialect
2020-06-24 10:05:18.031  INFO 3572 --- [task-1] o.h.e.t.j.p.i.JtaPlatformInitiator       : HHH000490: Using JtaPlatform implementation: [org.hibernate.engine.transaction.jta.platform.internal.NoJtaPlatform]
2020-06-24 10:05:18.046  INFO 3572 --- [task-1] j.LocalContainerEntityManagerFactoryBean : Initialized JPA EntityManagerFactory for persistence unit 'default'
2020-06-24 10:05:18.046  INFO 3572 --- [main] .SchemaDropperImpl$DelayedDropActionImpl : HHH000477: Starting delayed evictData of schema as part of SessionFactory shut-down'
2020-06-24 10:05:18.060  INFO 3572 --- [main] o.s.s.concurrent.ThreadPoolTaskExecutor  : Shutting down ExecutorService 'applicationTaskExecutor'
2020-06-24 10:05:18.060  INFO 3572 --- [main] com.zaxxer.hikari.HikariDataSource       : HikariPool-1 - Shutdown initiated...
2020-06-24 10:05:18.076  INFO 3572 --- [main] com.zaxxer.hikari.HikariDataSource       : HikariPool-1 - Shutdown completed.
2020-06-24 10:05:18.076  INFO 3572 --- [main] o.apache.catalina.core.StandardService   : Stopping service [Tomcat]
2020-06-24 10:05:18.092  INFO 3572 --- [main] ConditionEvaluationReportLoggingListener : 

Error starting ApplicationContext. To display the conditions report re-run your application with 'debug' enabled.
2020-06-24 10:05:18.248 ERROR 3572 --- [main] o.s.b.d.LoggingFailureAnalysisReporter   : 

***************************
APPLICATION FAILED TO START
***************************

Description:

Field bookservice in com.BookManagement.controler.BookControler required a bean of type 'com.BookManagement.service.Bookservice' that could not be found.

The injection point has the following annotations:
	- @org.springframework.beans.factory.annotation.Autowired(required=true)


Action:

Consider defining a bean of type 'com.BookManagement.service.Bookservice' in your configuration.

2020-06-24 10:14:42.150  INFO 1172 --- [main] c.B.BookManagementSystemApplication      : Starting BookManagementSystemApplication on Admin with PID 1172 (C:\Users\Jhon\Documents\workspace-spring-tool-suite-4-4.4.1.RELEASE\BookManagementSystem\target\classes started by Jhon in C:\Users\Jhon\Documents\workspace-spring-tool-suite-4-4.4.1.RELEASE\BookManagementSystem)
2020-06-24 10:14:42.150  INFO 1172 --- [main] c.B.BookManagementSystemApplication      : No active profile set, falling back to default profiles: default
2020-06-24 10:14:42.977  INFO 1172 --- [main] .s.d.r.c.RepositoryConfigurationDelegate : Bootstrapping Spring Data JPA repositories in DEFERRED mode.
2020-06-24 10:14:43.165  INFO 1172 --- [main] .s.d.r.c.RepositoryConfigurationDelegate : Finished Spring Data repository scanning in 162ms. Found 3 JPA repository interfaces.
2020-06-24 10:14:43.810  INFO 1172 --- [main] o.s.b.w.embedded.tomcat.TomcatWebServer  : Tomcat initialized with port(s): 8080 (http)
2020-06-24 10:14:43.825  INFO 1172 --- [main] o.apache.catalina.core.StandardService   : Starting service [Tomcat]
2020-06-24 10:14:43.825  INFO 1172 --- [main] org.apache.catalina.core.StandardEngine  : Starting Servlet engine: [Apache Tomcat/9.0.36]
2020-06-24 10:14:43.950  INFO 1172 --- [main] o.a.c.c.C.[Tomcat].[localhost].[/]       : Initializing Spring embedded WebApplicationContext
2020-06-24 10:14:43.950  INFO 1172 --- [main] w.s.c.ServletWebServerApplicationContext : Root WebApplicationContext: initialization completed in 1738 ms
2020-06-24 10:14:44.013  INFO 1172 --- [main] com.zaxxer.hikari.HikariDataSource       : HikariPool-1 - Starting...
2020-06-24 10:14:44.153  INFO 1172 --- [main] com.zaxxer.hikari.HikariDataSource       : HikariPool-1 - Start completed.
2020-06-24 10:14:44.153  INFO 1172 --- [main] o.s.b.a.h2.H2ConsoleAutoConfiguration    : H2 console available at '/h2-console'. Database available at 'jdbc:h2:mem:testdb'
2020-06-24 10:14:44.325  INFO 1172 --- [main] o.s.s.concurrent.ThreadPoolTaskExecutor  : Initializing ExecutorService 'applicationTaskExecutor'
2020-06-24 10:14:44.405  INFO 1172 --- [task-1] o.hibernate.jpa.internal.util.LogHelper  : HHH000204: Processing PersistenceUnitInfo [name: default]
2020-06-24 10:14:44.498  INFO 1172 --- [task-1] org.hibernate.Version                    : HHH000412: Hibernate ORM core version 5.4.17.Final
2020-06-24 10:14:44.498  WARN 1172 --- [main] JpaBaseConfiguration$JpaWebConfiguration : spring.jpa.open-in-view is enabled by default. Therefore, database queries may be performed during view rendering. Explicitly configure spring.jpa.open-in-view to disable this warning
2020-06-24 10:14:44.686  INFO 1172 --- [task-1] o.hibernate.annotations.common.Version   : HCANN000001: Hibernate Commons Annotations {5.1.0.Final}
2020-06-24 10:14:44.951  INFO 1172 --- [task-1] org.hibernate.dialect.Dialect            : HHH000400: Using dialect: org.hibernate.dialect.H2Dialect
2020-06-24 10:14:45.139  INFO 1172 --- [main] o.s.b.w.embedded.tomcat.TomcatWebServer  : Tomcat started on port(s): 8080 (http) with context path ''
2020-06-24 10:14:45.139  INFO 1172 --- [main] DeferredRepositoryInitializationListener : Triggering deferred initialization of Spring Data repositories…
2020-06-24 10:14:45.777  INFO 1172 --- [task-1] o.h.e.t.j.p.i.JtaPlatformInitiator       : HHH000490: Using JtaPlatform implementation: [org.hibernate.engine.transaction.jta.platform.internal.NoJtaPlatform]
2020-06-24 10:14:45.793  INFO 1172 --- [task-1] j.LocalContainerEntityManagerFactoryBean : Initialized JPA EntityManagerFactory for persistence unit 'default'
2020-06-24 10:14:46.058  INFO 1172 --- [main] DeferredRepositoryInitializationListener : Spring Data repositories initialized!
2020-06-24 10:14:46.074  INFO 1172 --- [main] c.B.BookManagementSystemApplication      : Started BookManagementSystemApplication in 4.365 seconds (JVM running for 5.147)
2020-06-24 10:14:53.569  INFO 1172 --- [http-nio-8080-exec-6] o.a.c.c.C.[Tomcat].[localhost].[/]       : Initializing Spring DispatcherServlet 'dispatcherServlet'
2020-06-24 10:14:53.572  INFO 1172 --- [http-nio-8080-exec-6] o.s.web.servlet.DispatcherServlet        : Initializing Servlet 'dispatcherServlet'
2020-06-24 10:14:53.584  INFO 1172 --- [http-nio-8080-exec-6] o.s.web.servlet.DispatcherServlet        : Completed initialization in 10 ms
2020-06-24 10:29:27.146  WARN 1172 --- [http-nio-8080-exec-4] .w.s.m.s.DefaultHandlerExceptionResolver : Resolved [org.springframework.web.bind.MissingPathVariableException: Missing URI template variable 'issueID' for method parameter of type Long]
2020-06-24 10:31:13.269  WARN 1172 --- [http-nio-8080-exec-3] .w.s.m.s.DefaultHandlerExceptionResolver : Resolved [org.springframework.web.bind.MissingPathVariableException: Missing URI template variable 'issueID' for method parameter of type Long]
2020-06-24 10:38:21.791  INFO 1172 --- [RMI TCP Connection(2)-127.0.0.1] inMXBeanRegistrar$SpringApplicationAdmin : Application shutdown requested.
2020-06-24 10:38:21.832  INFO 1172 --- [RMI TCP Connection(2)-127.0.0.1] j.LocalContainerEntityManagerFactoryBean : Closing JPA EntityManagerFactory for persistence unit 'default'
2020-06-24 10:38:21.832  INFO 1172 --- [RMI TCP Connection(2)-127.0.0.1] .SchemaDropperImpl$DelayedDropActionImpl : HHH000477: Starting delayed evictData of schema as part of SessionFactory shut-down'
2020-06-24 10:38:21.925  INFO 1172 --- [RMI TCP Connection(2)-127.0.0.1] o.s.s.concurrent.ThreadPoolTaskExecutor  : Shutting down ExecutorService 'applicationTaskExecutor'
2020-06-24 10:38:21.925  INFO 1172 --- [RMI TCP Connection(2)-127.0.0.1] com.zaxxer.hikari.HikariDataSource       : HikariPool-1 - Shutdown initiated...
2020-06-24 10:38:21.925  INFO 1172 --- [RMI TCP Connection(2)-127.0.0.1] com.zaxxer.hikari.HikariDataSource       : HikariPool-1 - Shutdown completed.
2020-06-24 10:38:25.040  INFO 4136 --- [main] c.B.BookManagementSystemApplication      : Starting BookManagementSystemApplication on Admin with PID 4136 (C:\Users\Jhon\Documents\workspace-spring-tool-suite-4-4.4.1.RELEASE\BookManagementSystem\target\classes started by Jhon in C:\Users\Jhon\Documents\workspace-spring-tool-suite-4-4.4.1.RELEASE\BookManagementSystem)
2020-06-24 10:38:25.040  INFO 4136 --- [main] c.B.BookManagementSystemApplication      : No active profile set, falling back to default profiles: default
2020-06-24 10:38:25.868  INFO 4136 --- [main] .s.d.r.c.RepositoryConfigurationDelegate : Bootstrapping Spring Data JPA repositories in DEFERRED mode.
2020-06-24 10:38:26.055  INFO 4136 --- [main] .s.d.r.c.RepositoryConfigurationDelegate : Finished Spring Data repository scanning in 163ms. Found 3 JPA repository interfaces.
2020-06-24 10:38:26.670  INFO 4136 --- [main] o.s.b.w.embedded.tomcat.TomcatWebServer  : Tomcat initialized with port(s): 8080 (http)
2020-06-24 10:38:26.686  INFO 4136 --- [main] o.apache.catalina.core.StandardService   : Starting service [Tomcat]
2020-06-24 10:38:26.686  INFO 4136 --- [main] org.apache.catalina.core.StandardEngine  : Starting Servlet engine: [Apache Tomcat/9.0.36]
2020-06-24 10:38:26.873  INFO 4136 --- [main] o.a.c.c.C.[Tomcat].[localhost].[/]       : Initializing Spring embedded WebApplicationContext
2020-06-24 10:38:26.873  INFO 4136 --- [main] w.s.c.ServletWebServerApplicationContext : Root WebApplicationContext: initialization completed in 1771 ms
2020-06-24 10:38:26.967  INFO 4136 --- [main] com.zaxxer.hikari.HikariDataSource       : HikariPool-1 - Starting...
2020-06-24 10:38:27.092  INFO 4136 --- [main] com.zaxxer.hikari.HikariDataSource       : HikariPool-1 - Start completed.
2020-06-24 10:38:27.104  INFO 4136 --- [main] o.s.b.a.h2.H2ConsoleAutoConfiguration    : H2 console available at '/h2-console'. Database available at 'jdbc:h2:mem:testdb'
2020-06-24 10:38:27.276  INFO 4136 --- [main] o.s.s.concurrent.ThreadPoolTaskExecutor  : Initializing ExecutorService 'applicationTaskExecutor'
2020-06-24 10:38:27.338  INFO 4136 --- [task-1] o.hibernate.jpa.internal.util.LogHelper  : HHH000204: Processing PersistenceUnitInfo [name: default]
2020-06-24 10:38:27.432  INFO 4136 --- [task-1] org.hibernate.Version                    : HHH000412: Hibernate ORM core version 5.4.17.Final
2020-06-24 10:38:27.448  WARN 4136 --- [main] JpaBaseConfiguration$JpaWebConfiguration : spring.jpa.open-in-view is enabled by default. Therefore, database queries may be performed during view rendering. Explicitly configure spring.jpa.open-in-view to disable this warning
2020-06-24 10:38:27.635  INFO 4136 --- [task-1] o.hibernate.annotations.common.Version   : HCANN000001: Hibernate Commons Annotations {5.1.0.Final}
2020-06-24 10:38:27.885  INFO 4136 --- [task-1] org.hibernate.dialect.Dialect            : HHH000400: Using dialect: org.hibernate.dialect.H2Dialect
2020-06-24 10:38:28.073  INFO 4136 --- [main] o.s.b.w.embedded.tomcat.TomcatWebServer  : Tomcat started on port(s): 8080 (http) with context path ''
2020-06-24 10:38:28.088  INFO 4136 --- [main] DeferredRepositoryInitializationListener : Triggering deferred initialization of Spring Data repositories…
2020-06-24 10:38:28.694  INFO 4136 --- [task-1] o.h.e.t.j.p.i.JtaPlatformInitiator       : HHH000490: Using JtaPlatform implementation: [org.hibernate.engine.transaction.jta.platform.internal.NoJtaPlatform]
2020-06-24 10:38:28.694  INFO 4136 --- [task-1] j.LocalContainerEntityManagerFactoryBean : Initialized JPA EntityManagerFactory for persistence unit 'default'
2020-06-24 10:38:28.975  INFO 4136 --- [main] DeferredRepositoryInitializationListener : Spring Data repositories initialized!
2020-06-24 10:38:28.991  INFO 4136 --- [main] c.B.BookManagementSystemApplication      : Started BookManagementSystemApplication in 4.415 seconds (JVM running for 5.061)
2020-06-24 10:39:39.087  INFO 4136 --- [http-nio-8080-exec-2] o.a.c.c.C.[Tomcat].[localhost].[/]       : Initializing Spring DispatcherServlet 'dispatcherServlet'
2020-06-24 10:39:39.090  INFO 4136 --- [http-nio-8080-exec-2] o.s.web.servlet.DispatcherServlet        : Initializing Servlet 'dispatcherServlet'
2020-06-24 10:39:39.104  INFO 4136 --- [http-nio-8080-exec-2] o.s.web.servlet.DispatcherServlet        : Completed initialization in 11 ms
