----------------------------------------------------------------
Sat May 23 12:33:26 IST 2020:
Booting Derby version The Apache Software Foundation - Apache Derby - 10.14.2.0 - (1828579): instance a816c00e-0172-4057-f38b-00000b5a1ef0 
on database directory memory:C:\Users\Jhon\Documents\workspace-spring-tool-suite-4-4.4.1.RELEASE\DatabaseOpration\8aee3a12-71ea-4fa5-9da3-baaaf96eace3 with class loader sun.misc.Launcher$AppClassLoader@764c12b6 
Loaded from file:/C:/Users/Jhon/.m2/repository/org/apache/derby/derby/10.14.2.0/derby-10.14.2.0.jar
java.vendor=Oracle Corporation
java.runtime.version=1.8.0_231-b11
user.dir=C:\Users\Jhon\Documents\workspace-spring-tool-suite-4-4.4.1.RELEASE\DatabaseOpration
os.name=Windows 8.1
os.arch=amd64
os.version=6.3
derby.system.home=null
Database Class Loader started - derby.database.classpath=''
----------------------------------------------------------------
Sat May 23 12:35:53 IST 2020:
Shutting down instance a816c00e-0172-4057-f38b-00000b5a1ef0 on database directory memory:C:\Users\Jhon\Documents\workspace-spring-tool-suite-4-4.4.1.RELEASE\DatabaseOpration\8aee3a12-71ea-4fa5-9da3-baaaf96eace3 with class loader sun.misc.Launcher$AppClassLoader@764c12b6 
----------------------------------------------------------------
Sat May 23 12:35:55 IST 2020:
Booting Derby version The Apache Software Foundation - Apache Derby - 10.14.2.0 - (1828579): instance 921800c1-0172-4057-f38b-00000b5a1ef0 
on database directory memory:C:\Users\Jhon\Documents\workspace-spring-tool-suite-4-4.4.1.RELEASE\DatabaseOpration\9a8c9bd6-c77d-4645-99e6-235d82199bfc with class loader sun.misc.Launcher$AppClassLoader@764c12b6 
Loaded from file:/C:/Users/Jhon/.m2/repository/org/apache/derby/derby/10.14.2.0/derby-10.14.2.0.jar
java.vendor=Oracle Corporation
java.runtime.version=1.8.0_231-b11
user.dir=C:\Users\Jhon\Documents\workspace-spring-tool-suite-4-4.4.1.RELEASE\DatabaseOpration
os.name=Windows 8.1
os.arch=amd64
os.version=6.3
derby.system.home=null
Database Class Loader started - derby.database.classpath=''
----------------------------------------------------------------
Sat May 23 12:36:14 IST 2020:
Shutting down instance 921800c1-0172-4057-f38b-00000b5a1ef0 on database directory memory:C:\Users\Jhon\Documents\workspace-spring-tool-suite-4-4.4.1.RELEASE\DatabaseOpration\9a8c9bd6-c77d-4645-99e6-235d82199bfc with class loader sun.misc.Launcher$AppClassLoader@764c12b6 
